<?xml version="1.0" encoding="UTF-8"?>
<testng-results skipped="0" failed="0" ignored="0" total="1" passed="1">
  <reporter-output>
  </reporter-output>
  <suite name="NoPaperSystem" duration-ms="7046" started-at="2019-04-21T11:48:21Z" finished-at="2019-04-21T11:48:28Z">
    <groups>
    </groups>
    <test name="Login" duration-ms="7046" started-at="2019-04-21T11:48:21Z" finished-at="2019-04-21T11:48:28Z">
      <class name="com.xmkg.web.TestLoginPage">
        <test-method status="PASS" signature="test()[pri:0, instance:com.xmkg.web.TestLoginPage@4efbca5a]" name="test" duration-ms="7029" started-at="2019-04-21T11:48:21Z" finished-at="2019-04-21T11:48:28Z">
          <reporter-output>
          </reporter-output>
        </test-method> <!-- test -->
      </class> <!-- com.xmkg.web.TestLoginPage -->
    </test> <!-- Login -->
  </suite> <!-- NoPaperSystem -->
</testng-results>
