<?xml version="1.0" encoding="UTF-8"?>
<testng-results skipped="0" failed="1" ignored="0" total="3" passed="2">
  <reporter-output>
  </reporter-output>
  <suite name="Default suite" duration-ms="33243" started-at="2019-04-25T04:45:07Z" finished-at="2019-04-25T04:45:40Z">
    <groups>
    </groups>
    <test name="Default test" duration-ms="33243" started-at="2019-04-25T04:45:07Z" finished-at="2019-04-25T04:45:40Z">
      <class name="com.xmkg.web.TestLoginPage">
        <test-method status="PASS" signature="springTestContextBeforeTestClass()[pri:0, instance:com.xmkg.web.TestLoginPage@58594a11]" name="springTestContextBeforeTestClass" is-config="true" duration-ms="13" started-at="2019-04-25T04:45:07Z" finished-at="2019-04-25T04:45:07Z">
          <reporter-output>
          </reporter-output>
        </test-method> <!-- springTestContextBeforeTestClass -->
        <test-method status="PASS" signature="springTestContextPrepareTestInstance()[pri:0, instance:com.xmkg.web.TestLoginPage@58594a11]" name="springTestContextPrepareTestInstance" is-config="true" duration-ms="2500" started-at="2019-04-25T04:45:07Z" depends-on-methods="org.springframework.test.context.testng.AbstractTestNGSpringContextTests.springTestContextBeforeTestClass" finished-at="2019-04-25T04:45:10Z">
          <reporter-output>
          </reporter-output>
        </test-method> <!-- springTestContextPrepareTestInstance -->
        <test-method status="PASS" signature="springTestContextBeforeTestMethod(java.lang.reflect.Method)[pri:0, instance:com.xmkg.web.TestLoginPage@58594a11]" name="springTestContextBeforeTestMethod" is-config="true" duration-ms="2" started-at="2019-04-25T04:45:10Z" finished-at="2019-04-25T04:45:10Z">
          <params>
            <param index="0">
              <value>
                <![CDATA[public void com.xmkg.web.TestLoginPage.test(java.lang.String,java.lang.String)]]>
              </value>
            </param>
          </params>
          <reporter-output>
          </reporter-output>
        </test-method> <!-- springTestContextBeforeTestMethod -->
        <test-method status="PASS" signature="open()[pri:0, instance:com.xmkg.web.TestLoginPage@58594a11]" name="open" is-config="true" duration-ms="3035" started-at="2019-04-25T04:45:10Z" finished-at="2019-04-25T04:45:13Z">
          <reporter-output>
          </reporter-output>
        </test-method> <!-- open -->
        <test-method status="PASS" signature="test(java.lang.String, java.lang.String)[pri:0, instance:com.xmkg.web.TestLoginPage@58594a11]" name="test" duration-ms="6961" started-at="2019-04-25T04:45:13Z" data-provider="testData" finished-at="2019-04-25T04:45:20Z">
          <params>
            <param index="0">
              <value>
                <![CDATA[admin]]>
              </value>
            </param>
            <param index="1">
              <value>
                <![CDATA[123456]]>
              </value>
            </param>
          </params>
          <reporter-output>
          </reporter-output>
        </test-method> <!-- test -->
        <test-method status="PASS" signature="close()[pri:0, instance:com.xmkg.web.TestLoginPage@58594a11]" name="close" is-config="true" duration-ms="690" started-at="2019-04-25T04:45:20Z" finished-at="2019-04-25T04:45:20Z">
          <reporter-output>
          </reporter-output>
        </test-method> <!-- close -->
        <test-method status="PASS" signature="springTestContextAfterTestMethod(java.lang.reflect.Method)[pri:0, instance:com.xmkg.web.TestLoginPage@58594a11]" name="springTestContextAfterTestMethod" is-config="true" duration-ms="4" started-at="2019-04-25T04:45:20Z" finished-at="2019-04-25T04:45:20Z">
          <params>
            <param index="0">
              <value>
                <![CDATA[public void com.xmkg.web.TestLoginPage.test(java.lang.String,java.lang.String)]]>
              </value>
            </param>
          </params>
          <reporter-output>
          </reporter-output>
        </test-method> <!-- springTestContextAfterTestMethod -->
        <test-method status="PASS" signature="springTestContextBeforeTestMethod(java.lang.reflect.Method)[pri:0, instance:com.xmkg.web.TestLoginPage@58594a11]" name="springTestContextBeforeTestMethod" is-config="true" duration-ms="8" started-at="2019-04-25T04:45:20Z" finished-at="2019-04-25T04:45:20Z">
          <params>
            <param index="0">
              <value>
                <![CDATA[public void com.xmkg.web.TestLoginPage.test(java.lang.String,java.lang.String)]]>
              </value>
            </param>
          </params>
          <reporter-output>
          </reporter-output>
        </test-method> <!-- springTestContextBeforeTestMethod -->
        <test-method status="PASS" signature="open()[pri:0, instance:com.xmkg.web.TestLoginPage@58594a11]" name="open" is-config="true" duration-ms="2359" started-at="2019-04-25T04:45:20Z" finished-at="2019-04-25T04:45:23Z">
          <reporter-output>
          </reporter-output>
        </test-method> <!-- open -->
        <test-method status="PASS" signature="test(java.lang.String, java.lang.String)[pri:0, instance:com.xmkg.web.TestLoginPage@58594a11]" name="test" duration-ms="6952" started-at="2019-04-25T04:45:23Z" data-provider="testData" finished-at="2019-04-25T04:45:30Z">
          <params>
            <param index="0">
              <value>
                <![CDATA[admin]]>
              </value>
            </param>
            <param index="1">
              <value>
                <![CDATA[123]]>
              </value>
            </param>
          </params>
          <reporter-output>
          </reporter-output>
        </test-method> <!-- test -->
        <test-method status="PASS" signature="close()[pri:0, instance:com.xmkg.web.TestLoginPage@58594a11]" name="close" is-config="true" duration-ms="695" started-at="2019-04-25T04:45:30Z" finished-at="2019-04-25T04:45:30Z">
          <reporter-output>
          </reporter-output>
        </test-method> <!-- close -->
        <test-method status="PASS" signature="springTestContextAfterTestMethod(java.lang.reflect.Method)[pri:0, instance:com.xmkg.web.TestLoginPage@58594a11]" name="springTestContextAfterTestMethod" is-config="true" duration-ms="1" started-at="2019-04-25T04:45:30Z" finished-at="2019-04-25T04:45:30Z">
          <params>
            <param index="0">
              <value>
                <![CDATA[public void com.xmkg.web.TestLoginPage.test(java.lang.String,java.lang.String)]]>
              </value>
            </param>
          </params>
          <reporter-output>
          </reporter-output>
        </test-method> <!-- springTestContextAfterTestMethod -->
        <test-method status="PASS" signature="springTestContextBeforeTestMethod(java.lang.reflect.Method)[pri:0, instance:com.xmkg.web.TestLoginPage@58594a11]" name="springTestContextBeforeTestMethod" is-config="true" duration-ms="2" started-at="2019-04-25T04:45:30Z" finished-at="2019-04-25T04:45:30Z">
          <params>
            <param index="0">
              <value>
                <![CDATA[public void com.xmkg.web.TestLoginPage.test(java.lang.String,java.lang.String)]]>
              </value>
            </param>
          </params>
          <reporter-output>
          </reporter-output>
        </test-method> <!-- springTestContextBeforeTestMethod -->
        <test-method status="PASS" signature="open()[pri:0, instance:com.xmkg.web.TestLoginPage@58594a11]" name="open" is-config="true" duration-ms="2393" started-at="2019-04-25T04:45:30Z" finished-at="2019-04-25T04:45:33Z">
          <reporter-output>
          </reporter-output>
        </test-method> <!-- open -->
        <test-method status="FAIL" signature="test(java.lang.String, java.lang.String)[pri:0, instance:com.xmkg.web.TestLoginPage@58594a11]" name="test" duration-ms="6911" started-at="2019-04-25T04:45:33Z" data-provider="testData" finished-at="2019-04-25T04:45:40Z">
          <params>
            <param index="0">
              <value>
                <![CDATA[cym]]>
              </value>
            </param>
            <param index="1">
              <value>
                <![CDATA[123]]>
              </value>
            </param>
          </params>
          <exception class="java.lang.AssertionError">
            <message>
              <![CDATA[expected [pass] but found [fail]]]>
            </message>
            <full-stacktrace>
              <![CDATA[java.lang.AssertionError: expected [pass] but found [fail]
at org.testng.Assert.fail(Assert.java:96)
at org.testng.Assert.failNotEquals(Assert.java:776)
at org.testng.Assert.assertEqualsImpl(Assert.java:137)
at org.testng.Assert.assertEquals(Assert.java:118)
at org.testng.Assert.assertEquals(Assert.java:453)
at org.testng.Assert.assertEquals(Assert.java:463)
at com.xmkg.web.TestLoginPage.test(TestLoginPage.java:45)
at sun.reflect.NativeMethodAccessorImpl.invoke0(Native Method)
at sun.reflect.NativeMethodAccessorImpl.invoke(NativeMethodAccessorImpl.java:62)
at sun.reflect.DelegatingMethodAccessorImpl.invoke(DelegatingMethodAccessorImpl.java:43)
at java.lang.reflect.Method.invoke(Method.java:498)
at org.testng.internal.MethodInvocationHelper.invokeMethod(MethodInvocationHelper.java:124)
at org.testng.internal.MethodInvocationHelper$1.runTestMethod(MethodInvocationHelper.java:230)
at org.springframework.test.context.testng.AbstractTestNGSpringContextTests.run(AbstractTestNGSpringContextTests.java:180)
at org.testng.internal.MethodInvocationHelper.invokeHookable(MethodInvocationHelper.java:242)
at org.testng.internal.Invoker.invokeMethod(Invoker.java:579)
at org.testng.internal.Invoker.invokeTestMethod(Invoker.java:719)
at org.testng.internal.Invoker.invokeTestMethods(Invoker.java:989)
at org.testng.internal.TestMethodWorker.invokeTestMethods(TestMethodWorker.java:125)
at org.testng.internal.TestMethodWorker.run(TestMethodWorker.java:109)
at org.testng.TestRunner.privateRun(TestRunner.java:648)
at org.testng.TestRunner.run(TestRunner.java:505)
at org.testng.SuiteRunner.runTest(SuiteRunner.java:455)
at org.testng.SuiteRunner.runSequentially(SuiteRunner.java:450)
at org.testng.SuiteRunner.privateRun(SuiteRunner.java:415)
at org.testng.SuiteRunner.run(SuiteRunner.java:364)
at org.testng.SuiteRunnerWorker.runSuite(SuiteRunnerWorker.java:52)
at org.testng.SuiteRunnerWorker.run(SuiteRunnerWorker.java:84)
at org.testng.TestNG.runSuitesSequentially(TestNG.java:1208)
at org.testng.TestNG.runSuitesLocally(TestNG.java:1137)
at org.testng.TestNG.runSuites(TestNG.java:1049)
at org.testng.TestNG.run(TestNG.java:1017)
at org.testng.remote.AbstractRemoteTestNG.run(AbstractRemoteTestNG.java:115)
at org.testng.remote.RemoteTestNG.initAndRun(RemoteTestNG.java:251)
at org.testng.remote.RemoteTestNG.main(RemoteTestNG.java:77)
]]>
            </full-stacktrace>
          </exception> <!-- java.lang.AssertionError -->
          <reporter-output>
          </reporter-output>
        </test-method> <!-- test -->
        <test-method status="PASS" signature="close()[pri:0, instance:com.xmkg.web.TestLoginPage@58594a11]" name="close" is-config="true" duration-ms="679" started-at="2019-04-25T04:45:40Z" finished-at="2019-04-25T04:45:40Z">
          <reporter-output>
          </reporter-output>
        </test-method> <!-- close -->
        <test-method status="PASS" signature="springTestContextAfterTestMethod(java.lang.reflect.Method)[pri:0, instance:com.xmkg.web.TestLoginPage@58594a11]" name="springTestContextAfterTestMethod" is-config="true" duration-ms="1" started-at="2019-04-25T04:45:40Z" finished-at="2019-04-25T04:45:40Z">
          <params>
            <param index="0">
              <value>
                <![CDATA[public void com.xmkg.web.TestLoginPage.test(java.lang.String,java.lang.String)]]>
              </value>
            </param>
          </params>
          <reporter-output>
          </reporter-output>
        </test-method> <!-- springTestContextAfterTestMethod -->
        <test-method status="PASS" signature="springTestContextAfterTestClass()[pri:0, instance:com.xmkg.web.TestLoginPage@58594a11]" name="springTestContextAfterTestClass" is-config="true" duration-ms="1" started-at="2019-04-25T04:45:40Z" finished-at="2019-04-25T04:45:40Z">
          <reporter-output>
          </reporter-output>
        </test-method> <!-- springTestContextAfterTestClass -->
      </class> <!-- com.xmkg.web.TestLoginPage -->
    </test> <!-- Default test -->
  </suite> <!-- Default suite -->
</testng-results>
